Analysis & Synthesis report for VGA_videotop
Tue Apr 22 14:28:17 2025
Quartus II 64-Bit Version 13.1.0 Build 162 10/23/2013 SJ Web Edition


---------------------
; Table of Contents ;
---------------------
  1. Legal Notice
  2. Analysis & Synthesis Summary
  3. Analysis & Synthesis Settings
  4. Parallel Compilation
  5. Analysis & Synthesis Messages
  6. Analysis & Synthesis Suppressed Messages



----------------
; Legal Notice ;
----------------
Copyright (C) 1991-2013 Altera Corporation
Your use of Altera Corporation's design tools, logic functions 
and other software and tools, and its AMPP partner logic 
functions, and any output files from any of the foregoing 
(including device programming or simulation files), and any 
associated documentation or information are expressly subject 
to the terms and conditions of the Altera Program License 
Subscription Agreement, Altera MegaCore Function License 
Agreement, or other applicable license agreement, including, 
without limitation, that your use is for the sole purpose of 
programming logic devices manufactured by Altera and sold by 
Altera or its authorized distributors.  Please refer to the 
applicable agreement for further details.



+---------------------------------------------------------------------------------+
; Analysis & Synthesis Summary                                                    ;
+------------------------------------+--------------------------------------------+
; Analysis & Synthesis Status        ; Failed - Tue Apr 22 14:28:17 2025          ;
; Quartus II 64-Bit Version          ; 13.1.0 Build 162 10/23/2013 SJ Web Edition ;
; Revision Name                      ; VGA_videotop                               ;
; Top-level Entity Name              ; VGA_videotop                               ;
; Family                             ; Cyclone III                                ;
; Total logic elements               ; N/A until Partition Merge                  ;
;     Total combinational functions  ; N/A until Partition Merge                  ;
;     Dedicated logic registers      ; N/A until Partition Merge                  ;
; Total registers                    ; N/A until Partition Merge                  ;
; Total pins                         ; N/A until Partition Merge                  ;
; Total virtual pins                 ; N/A until Partition Merge                  ;
; Total memory bits                  ; N/A until Partition Merge                  ;
; Embedded Multiplier 9-bit elements ; N/A until Partition Merge                  ;
; Total PLLs                         ; N/A until Partition Merge                  ;
+------------------------------------+--------------------------------------------+


+----------------------------------------------------------------------------------------------------------------------+
; Analysis & Synthesis Settings                                                                                        ;
+----------------------------------------------------------------------------+--------------------+--------------------+
; Option                                                                     ; Setting            ; Default Value      ;
+----------------------------------------------------------------------------+--------------------+--------------------+
; Device                                                                     ; EP3C16F484C6       ;                    ;
; Top-level entity name                                                      ; VGA_videotop       ; VGA_videotop       ;
; Family name                                                                ; Cyclone III        ; Cyclone IV GX      ;
; Verilog Version                                                            ; SystemVerilog_2005 ; Verilog_2001       ;
; Use smart compilation                                                      ; Off                ; Off                ;
; Enable parallel Assembler and TimeQuest Timing Analyzer during compilation ; On                 ; On                 ;
; Enable compact report table                                                ; Off                ; Off                ;
; Restructure Multiplexers                                                   ; Auto               ; Auto               ;
; Create Debugging Nodes for IP Cores                                        ; Off                ; Off                ;
; Preserve fewer node names                                                  ; On                 ; On                 ;
; Disable OpenCore Plus hardware evaluation                                  ; Off                ; Off                ;
; VHDL Version                                                               ; VHDL_1993          ; VHDL_1993          ;
; State Machine Processing                                                   ; Auto               ; Auto               ;
; Safe State Machine                                                         ; Off                ; Off                ;
; Extract Verilog State Machines                                             ; On                 ; On                 ;
; Extract VHDL State Machines                                                ; On                 ; On                 ;
; Ignore Verilog initial constructs                                          ; Off                ; Off                ;
; Iteration limit for constant Verilog loops                                 ; 5000               ; 5000               ;
; Iteration limit for non-constant Verilog loops                             ; 250                ; 250                ;
; Add Pass-Through Logic to Inferred RAMs                                    ; On                 ; On                 ;
; Infer RAMs from Raw Logic                                                  ; On                 ; On                 ;
; Parallel Synthesis                                                         ; On                 ; On                 ;
; DSP Block Balancing                                                        ; Auto               ; Auto               ;
; NOT Gate Push-Back                                                         ; On                 ; On                 ;
; Power-Up Don't Care                                                        ; On                 ; On                 ;
; Remove Redundant Logic Cells                                               ; Off                ; Off                ;
; Remove Duplicate Registers                                                 ; On                 ; On                 ;
; Ignore CARRY Buffers                                                       ; Off                ; Off                ;
; Ignore CASCADE Buffers                                                     ; Off                ; Off                ;
; Ignore GLOBAL Buffers                                                      ; Off                ; Off                ;
; Ignore ROW GLOBAL Buffers                                                  ; Off                ; Off                ;
; Ignore LCELL Buffers                                                       ; Off                ; Off                ;
; Ignore SOFT Buffers                                                        ; On                 ; On                 ;
; Limit AHDL Integers to 32 Bits                                             ; Off                ; Off                ;
; Optimization Technique                                                     ; Balanced           ; Balanced           ;
; Carry Chain Length                                                         ; 70                 ; 70                 ;
; Auto Carry Chains                                                          ; On                 ; On                 ;
; Auto Open-Drain Pins                                                       ; On                 ; On                 ;
; Perform WYSIWYG Primitive Resynthesis                                      ; Off                ; Off                ;
; Auto ROM Replacement                                                       ; On                 ; On                 ;
; Auto RAM Replacement                                                       ; On                 ; On                 ;
; Auto DSP Block Replacement                                                 ; On                 ; On                 ;
; Auto Shift Register Replacement                                            ; Auto               ; Auto               ;
; Allow Shift Register Merging across Hierarchies                            ; Auto               ; Auto               ;
; Auto Clock Enable Replacement                                              ; On                 ; On                 ;
; Strict RAM Replacement                                                     ; Off                ; Off                ;
; Allow Synchronous Control Signals                                          ; On                 ; On                 ;
; Force Use of Synchronous Clear Signals                                     ; Off                ; Off                ;
; Auto RAM Block Balancing                                                   ; On                 ; On                 ;
; Auto RAM to Logic Cell Conversion                                          ; Off                ; Off                ;
; Auto Resource Sharing                                                      ; Off                ; Off                ;
; Allow Any RAM Size For Recognition                                         ; Off                ; Off                ;
; Allow Any ROM Size For Recognition                                         ; Off                ; Off                ;
; Allow Any Shift Register Size For Recognition                              ; Off                ; Off                ;
; Use LogicLock Constraints during Resource Balancing                        ; On                 ; On                 ;
; Ignore translate_off and synthesis_off directives                          ; Off                ; Off                ;
; Timing-Driven Synthesis                                                    ; On                 ; On                 ;
; Report Parameter Settings                                                  ; On                 ; On                 ;
; Report Source Assignments                                                  ; On                 ; On                 ;
; Report Connectivity Checks                                                 ; On                 ; On                 ;
; Ignore Maximum Fan-Out Assignments                                         ; Off                ; Off                ;
; Synchronization Register Chain Length                                      ; 2                  ; 2                  ;
; PowerPlay Power Optimization                                               ; Normal compilation ; Normal compilation ;
; HDL message level                                                          ; Level2             ; Level2             ;
; Suppress Register Optimization Related Messages                            ; Off                ; Off                ;
; Number of Removed Registers Reported in Synthesis Report                   ; 5000               ; 5000               ;
; Number of Swept Nodes Reported in Synthesis Report                         ; 5000               ; 5000               ;
; Number of Inverted Registers Reported in Synthesis Report                  ; 100                ; 100                ;
; Clock MUX Protection                                                       ; On                 ; On                 ;
; Auto Gated Clock Conversion                                                ; Off                ; Off                ;
; Block Design Naming                                                        ; Auto               ; Auto               ;
; SDC constraint protection                                                  ; Off                ; Off                ;
; Synthesis Effort                                                           ; Auto               ; Auto               ;
; Shift Register Replacement - Allow Asynchronous Clear Signal               ; On                 ; On                 ;
; Pre-Mapping Resynthesis Optimization                                       ; Off                ; Off                ;
; Analysis & Synthesis Message Level                                         ; Medium             ; Medium             ;
; Disable Register Merging Across Hierarchies                                ; Auto               ; Auto               ;
; Resource Aware Inference For Block RAM                                     ; On                 ; On                 ;
; Synthesis Seed                                                             ; 1                  ; 1                  ;
+----------------------------------------------------------------------------+--------------------+--------------------+


Parallel compilation was disabled, but you have multiple processors available. Enable parallel compilation to reduce compilation time.
+-------------------------------------+
; Parallel Compilation                ;
+----------------------------+--------+
; Processors                 ; Number ;
+----------------------------+--------+
; Number detected on machine ; 12     ;
; Maximum allowed            ; 1      ;
+----------------------------+--------+


+-------------------------------+
; Analysis & Synthesis Messages ;
+-------------------------------+
Info: *******************************************************************
Info: Running Quartus II 64-Bit Analysis & Synthesis
    Info: Version 13.1.0 Build 162 10/23/2013 SJ Web Edition
    Info: Processing started: Tue Apr 22 14:28:16 2025
Info: Command: quartus_map --read_settings_files=on --write_settings_files=off VGA_video -c VGA_videotop
Warning (125092): Tcl Script File PLL_PIXEL_CLK.qip not found
    Info (125063): set_global_assignment -name QIP_FILE PLL_PIXEL_CLK.qip
Warning (20028): Parallel compilation is not licensed and has been disabled
Info (12021): Found 3 design units, including 3 entities, in source file vga_videotop.sv
    Info (12023): Found entity 1: DE0_VGA
    Info (12023): Found entity 2: make_box
    Info (12023): Found entity 3: VGA_videotop
Info (12127): Elaborating entity "VGA_videotop" for the top level hierarchy
Warning (10230): Verilog HDL assignment warning at VGA_videotop.sv(72): truncated value with size 32 to match size of target (10)
Error (10028): Can't resolve multiple constant drivers for net "ball_X_location[9]" at VGA_videotop.sv(51) File: C:/Users/alego/OneDrive/Desktop/Git-Repo/ECE275_pong/VGA_video/VGA_videotop.sv Line: 51
Error (10029): Constant driver at VGA_videotop.sv(65) File: C:/Users/alego/OneDrive/Desktop/Git-Repo/ECE275_pong/VGA_video/VGA_videotop.sv Line: 65
Error (10028): Can't resolve multiple constant drivers for net "ball_X_location[8]" at VGA_videotop.sv(51) File: C:/Users/alego/OneDrive/Desktop/Git-Repo/ECE275_pong/VGA_video/VGA_videotop.sv Line: 51
Error (10028): Can't resolve multiple constant drivers for net "ball_X_location[7]" at VGA_videotop.sv(51) File: C:/Users/alego/OneDrive/Desktop/Git-Repo/ECE275_pong/VGA_video/VGA_videotop.sv Line: 51
Error (10028): Can't resolve multiple constant drivers for net "ball_X_location[6]" at VGA_videotop.sv(51) File: C:/Users/alego/OneDrive/Desktop/Git-Repo/ECE275_pong/VGA_video/VGA_videotop.sv Line: 51
Error (10028): Can't resolve multiple constant drivers for net "ball_X_location[5]" at VGA_videotop.sv(51) File: C:/Users/alego/OneDrive/Desktop/Git-Repo/ECE275_pong/VGA_video/VGA_videotop.sv Line: 51
Error (10028): Can't resolve multiple constant drivers for net "ball_X_location[4]" at VGA_videotop.sv(51) File: C:/Users/alego/OneDrive/Desktop/Git-Repo/ECE275_pong/VGA_video/VGA_videotop.sv Line: 51
Error (10028): Can't resolve multiple constant drivers for net "ball_X_location[3]" at VGA_videotop.sv(51) File: C:/Users/alego/OneDrive/Desktop/Git-Repo/ECE275_pong/VGA_video/VGA_videotop.sv Line: 51
Error (10028): Can't resolve multiple constant drivers for net "ball_X_location[2]" at VGA_videotop.sv(51) File: C:/Users/alego/OneDrive/Desktop/Git-Repo/ECE275_pong/VGA_video/VGA_videotop.sv Line: 51
Error (10028): Can't resolve multiple constant drivers for net "ball_X_location[1]" at VGA_videotop.sv(51) File: C:/Users/alego/OneDrive/Desktop/Git-Repo/ECE275_pong/VGA_video/VGA_videotop.sv Line: 51
Error (10028): Can't resolve multiple constant drivers for net "ball_X_location[0]" at VGA_videotop.sv(51) File: C:/Users/alego/OneDrive/Desktop/Git-Repo/ECE275_pong/VGA_video/VGA_videotop.sv Line: 51
Error (12153): Can't elaborate top-level user hierarchy
Info (144001): Generated suppressed messages file C:/Users/alego/OneDrive/Desktop/Git-Repo/ECE275_pong/VGA_video/output_files/VGA_videotop.map.smsg
Error: Quartus II 64-Bit Analysis & Synthesis was unsuccessful. 12 errors, 3 warnings
    Error: Peak virtual memory: 4606 megabytes
    Error: Processing ended: Tue Apr 22 14:28:17 2025
    Error: Elapsed time: 00:00:01
    Error: Total CPU time (on all processors): 00:00:01


+------------------------------------------+
; Analysis & Synthesis Suppressed Messages ;
+------------------------------------------+
The suppressed messages can be found in C:/Users/alego/OneDrive/Desktop/Git-Repo/ECE275_pong/VGA_video/output_files/VGA_videotop.map.smsg.


